[debug] [2020-10-11T07:57:22.555Z] ----------------------------------------------------------------------
[debug] [2020-10-11T07:57:22.559Z] Command:       /usr/local/bin/node /usr/local/bin/firebase init
[debug] [2020-10-11T07:57:22.560Z] CLI Version:   8.10.0
[debug] [2020-10-11T07:57:22.560Z] Platform:      linux
[debug] [2020-10-11T07:57:22.560Z] Node Version:  v12.18.4
[debug] [2020-10-11T07:57:22.560Z] Time:          Sun Oct 11 2020 10:57:22 GMT+0300 (East Africa Time)
[debug] [2020-10-11T07:57:22.561Z] ----------------------------------------------------------------------
[debug] [2020-10-11T07:57:22.561Z] 
[debug] [2020-10-11T07:57:22.571Z] > command requires scopes: ["email","openid","https://www.googleapis.com/auth/cloudplatformprojects.readonly","https://www.googleapis.com/auth/firebase","https://www.googleapis.com/auth/cloud-platform"]
[debug] [2020-10-11T07:57:22.571Z] > authorizing via signed-in user
[info] 
     ######## #### ########  ######## ########     ###     ######  ########
     ##        ##  ##     ## ##       ##     ##  ##   ##  ##       ##
     ######    ##  ########  ######   ########  #########  ######  ######
     ##        ##  ##    ##  ##       ##     ## ##     ##       ## ##
     ##       #### ##     ## ######## ########  ##     ##  ######  ########

You're about to initialize a Firebase project in this directory:

  /home/paulokello/Documents/Projects/facebook-clone/fb-clone

Before we get started, keep in mind:

  * You are initializing in an existing Firebase project directory

[info] 
=== Project Setup
[info] 
[info] First, let's associate this project directory with a Firebase project.
[info] You can create multiple project aliases by running firebase use --add, 
[info] but for now we'll just set up a default project.
[info] 
[info] i  .firebaserc already has a default project, using facebook-clone-5dde8. 
[debug] [2020-10-11T07:57:24.974Z] >>> HTTP REQUEST GET https://firebase.googleapis.com/v1beta1/projects/facebook-clone-5dde8  
 
[debug] [2020-10-11T07:57:25.874Z] <<< HTTP RESPONSE 200 {"content-type":"application/json; charset=UTF-8","vary":"X-Origin, Referer, Origin,Accept-Encoding","date":"Sun, 11 Oct 2020 07:57:25 GMT","server":"ESF","cache-control":"private","x-xss-protection":"0","x-frame-options":"SAMEORIGIN","x-content-type-options":"nosniff","alt-svc":"h3-Q050=\":443\"; ma=2592000,h3-29=\":443\"; ma=2592000,h3-27=\":443\"; ma=2592000,h3-T051=\":443\"; ma=2592000,h3-T050=\":443\"; ma=2592000,h3-Q046=\":443\"; ma=2592000,h3-Q043=\":443\"; ma=2592000,quic=\":443\"; ma=2592000; v=\"46,43\"","accept-ranges":"none","transfer-encoding":"chunked"}
[info] 
=== Hosting Setup
[info] 
[info] Your public directory is the folder (relative to your project directory) that
[info] will contain Hosting assets to be uploaded with firebase deploy. If you
[info] have a build process for your assets, use your build's output directory.
[info] 
[debug] [2020-10-11T07:57:34.672Z] >>> HTTP REQUEST GET https://www.gstatic.com/firebasejs/releases.json  
 
[debug] [2020-10-11T07:59:02.161Z] ----------------------------------------------------------------------
[debug] [2020-10-11T07:59:02.165Z] Command:       /usr/local/bin/node /usr/local/bin/firebase init
[debug] [2020-10-11T07:59:02.165Z] CLI Version:   8.10.0
[debug] [2020-10-11T07:59:02.165Z] Platform:      linux
[debug] [2020-10-11T07:59:02.165Z] Node Version:  v12.18.4
[debug] [2020-10-11T07:59:02.166Z] Time:          Sun Oct 11 2020 10:59:02 GMT+0300 (East Africa Time)
[debug] [2020-10-11T07:59:02.166Z] ----------------------------------------------------------------------
[debug] [2020-10-11T07:59:02.167Z] 
[debug] [2020-10-11T07:59:02.174Z] > command requires scopes: ["email","openid","https://www.googleapis.com/auth/cloudplatformprojects.readonly","https://www.googleapis.com/auth/firebase","https://www.googleapis.com/auth/cloud-platform"]
[debug] [2020-10-11T07:59:02.175Z] > authorizing via signed-in user
[info] 
     ######## #### ########  ######## ########     ###     ######  ########
     ##        ##  ##     ## ##       ##     ##  ##   ##  ##       ##
     ######    ##  ########  ######   ########  #########  ######  ######
     ##        ##  ##    ##  ##       ##     ## ##     ##       ## ##
     ##       #### ##     ## ######## ########  ##     ##  ######  ########

You're about to initialize a Firebase project in this directory:

  /home/paulokello/Documents/Projects/facebook-clone/fb-clone

Before we get started, keep in mind:

  * You are initializing in an existing Firebase project directory

[debug] [2020-10-11T07:59:12.790Z] ----------------------------------------------------------------------
[debug] [2020-10-11T07:59:12.794Z] Command:       /usr/local/bin/node /usr/local/bin/firebase init
[debug] [2020-10-11T07:59:12.795Z] CLI Version:   8.10.0
[debug] [2020-10-11T07:59:12.795Z] Platform:      linux
[debug] [2020-10-11T07:59:12.795Z] Node Version:  v12.18.4
[debug] [2020-10-11T07:59:12.795Z] Time:          Sun Oct 11 2020 10:59:12 GMT+0300 (East Africa Time)
[debug] [2020-10-11T07:59:12.796Z] ----------------------------------------------------------------------
[debug] [2020-10-11T07:59:12.796Z] 
[debug] [2020-10-11T07:59:12.805Z] > command requires scopes: ["email","openid","https://www.googleapis.com/auth/cloudplatformprojects.readonly","https://www.googleapis.com/auth/firebase","https://www.googleapis.com/auth/cloud-platform"]
[debug] [2020-10-11T07:59:12.806Z] > authorizing via signed-in user
[info] 
     ######## #### ########  ######## ########     ###     ######  ########
     ##        ##  ##     ## ##       ##     ##  ##   ##  ##       ##
     ######    ##  ########  ######   ########  #########  ######  ######
     ##        ##  ##    ##  ##       ##     ## ##     ##       ## ##
     ##       #### ##     ## ######## ########  ##     ##  ######  ########

You're about to initialize a Firebase project in this directory:

  /home/paulokello/Documents/Projects/facebook-clone/fb-clone

Before we get started, keep in mind:

  * You are initializing in an existing Firebase project directory

[info] 
=== Project Setup
[info] 
[info] First, let's associate this project directory with a Firebase project.
[info] You can create multiple project aliases by running firebase use --add, 
[info] but for now we'll just set up a default project.
[info] 
[info] i  .firebaserc already has a default project, using facebook-clone-5dde8. 
[debug] [2020-10-11T07:59:15.184Z] >>> HTTP REQUEST GET https://firebase.googleapis.com/v1beta1/projects/facebook-clone-5dde8  
 
[debug] [2020-10-11T07:59:31.670Z] ----------------------------------------------------------------------
[debug] [2020-10-11T07:59:31.673Z] Command:       /usr/local/bin/node /usr/local/bin/firebase deploy
[debug] [2020-10-11T07:59:31.674Z] CLI Version:   8.10.0
[debug] [2020-10-11T07:59:31.674Z] Platform:      linux
[debug] [2020-10-11T07:59:31.674Z] Node Version:  v12.18.4
[debug] [2020-10-11T07:59:31.674Z] Time:          Sun Oct 11 2020 10:59:31 GMT+0300 (East Africa Time)
[debug] [2020-10-11T07:59:31.675Z] ----------------------------------------------------------------------
[debug] [2020-10-11T07:59:31.675Z] 
[debug] [2020-10-11T07:59:31.685Z] > command requires scopes: ["email","openid","https://www.googleapis.com/auth/cloudplatformprojects.readonly","https://www.googleapis.com/auth/firebase","https://www.googleapis.com/auth/cloud-platform"]
[debug] [2020-10-11T07:59:31.685Z] > authorizing via signed-in user
[debug] [2020-10-11T07:59:31.686Z] [iam] checking project facebook-clone-5dde8 for permissions ["firebase.projects.get","firebasehosting.sites.update"]
[debug] [2020-10-11T07:59:31.692Z] >>> HTTP REQUEST POST https://cloudresourcemanager.googleapis.com/v1/projects/facebook-clone-5dde8:testIamPermissions  
 {"permissions":["firebase.projects.get","firebasehosting.sites.update"]}
